# JRE version: OpenJDK Runtime Environment (11.0.12+7) (build 11.0.12+7-b1504.28-7817840)
# Java VM: OpenJDK 64-Bit Server VM (11.0.12+7-b1504.28-7817840, mixed mode, tiered, compressed oops, g1 gc, windows-amd64)
Heap:
 garbage-first heap   total 328704K, used 187967K [0x0000000080000000, 0x0000000100000000)
  region size 1024K, 39 young (39936K), 1 survivors (1024K)
 Metaspace       used 134283K, capacity 138434K, committed 138624K, reserved 1169408K
  class space    used 16432K, capacity 17863K, committed 17920K, reserved 1048576K
GC Heap History (20 events):
Event: 384.591 GC heap before
{Heap before GC invocations=54 (full 0):
 garbage-first heap   total 227328K, used 178338K [0x0000000080000000, 0x0000000100000000)
  region size 1024K, 9 young (9216K), 2 survivors (2048K)
 Metaspace       used 122569K, capacity 126540K, committed 126720K, reserved 1159168K
  class space    used 15296K, capacity 16696K, committed 16768K, reserved 1048576K
}
Event: 384.600 GC heap after
{Heap after GC invocations=55 (full 0):
 garbage-first heap   total 227328K, used 172498K [0x0000000080000000, 0x0000000100000000)
  region size 1024K, 2 young (2048K), 2 survivors (2048K)
 Metaspace       used 122569K, capacity 126540K, committed 126720K, reserved 1159168K
  class space    used 15296K, capacity 16696K, committed 16768K, reserved 1048576K
}
Event: 385.583 GC heap before
{Heap before GC invocations=56 (full 0):
 garbage-first heap   total 227328K, used 198098K [0x0000000080000000, 0x0000000100000000)
  region size 1024K, 19 young (19456K), 2 survivors (2048K)
 Metaspace       used 125061K, capacity 129147K, committed 129280K, reserved 1161216K
  class space    used 15539K, capacity 16966K, committed 17024K, reserved 1048576K
}
Event: 385.597 GC heap after
{Heap after GC invocations=57 (full 0):
 garbage-first heap   total 227328K, used 175548K [0x0000000080000000, 0x0000000100000000)
  region size 1024K, 3 young (3072K), 3 survivors (3072K)
 Metaspace       used 125061K, capacity 129147K, committed 129280K, reserved 1161216K
  class space    used 15539K, capacity 16966K, committed 17024K, reserved 1048576K
}
Event: 385.726 GC heap before
{Heap before GC invocations=57 (full 0):
 garbage-first heap   total 227328K, used 182716K [0x0000000080000000, 0x0000000100000000)
  region size 1024K, 11 young (11264K), 3 survivors (3072K)
 Metaspace       used 125074K, capacity 129147K, committed 129280K, reserved 1161216K
  class space    used 15539K, capacity 16966K, committed 17024K, reserved 1048576K
}
Event: 385.748 GC heap after
{Heap after GC invocations=58 (full 0):
 garbage-first heap   total 227328K, used 174493K [0x0000000080000000, 0x0000000100000000)
  region size 1024K, 2 young (2048K), 2 survivors (2048K)
 Metaspace       used 125074K, capacity 129147K, committed 129280K, reserved 1161216K
  class space    used 15539K, capacity 16966K, committed 17024K, reserved 1048576K
}
Event: 386.050 GC heap before
{Heap before GC invocations=58 (full 0):
 garbage-first heap   total 227328K, used 189853K [0x0000000080000000, 0x0000000100000000)
  region size 1024K, 18 young (18432K), 2 survivors (2048K)
 Metaspace       used 125139K, capacity 129215K, committed 129280K, reserved 1161216K
  class space    used 15545K, capacity 16967K, committed 17024K, reserved 1048576K
}
Event: 386.064 GC heap after
{Heap after GC invocations=59 (full 0):
 garbage-first heap   total 227328K, used 176020K [0x0000000080000000, 0x0000000100000000)
  region size 1024K, 3 young (3072K), 3 survivors (3072K)
 Metaspace       used 125139K, capacity 129215K, committed 129280K, reserved 1161216K
  class space    used 15545K, capacity 16967K, committed 17024K, reserved 1048576K
}
Event: 386.539 GC heap before
{Heap before GC invocations=59 (full 0):
 garbage-first heap   total 227328K, used 209812K [0x0000000080000000, 0x0000000100000000)
  region size 1024K, 20 young (20480K), 3 survivors (3072K)
 Metaspace       used 125366K, capacity 129481K, committed 129536K, reserved 1161216K
  class space    used 15563K, capacity 17007K, committed 17024K, reserved 1048576K
}
Event: 386.555 GC heap after
{Heap after GC invocations=60 (full 0):
 garbage-first heap   total 273408K, used 176670K [0x0000000080000000, 0x0000000100000000)
  region size 1024K, 1 young (1024K), 1 survivors (1024K)
 Metaspace       used 125366K, capacity 129481K, committed 129536K, reserved 1161216K
  class space    used 15563K, capacity 17007K, committed 17024K, reserved 1048576K
}
Event: 387.437 GC heap before
{Heap before GC invocations=61 (full 0):
 garbage-first heap   total 273408K, used 215582K [0x0000000080000000, 0x0000000100000000)
  region size 1024K, 40 young (40960K), 1 survivors (1024K)
 Metaspace       used 128371K, capacity 132452K, committed 132608K, reserved 1165312K
  class space    used 15800K, capacity 17238K, committed 17280K, reserved 1048576K
}
Event: 387.451 GC heap after
{Heap after GC invocations=62 (full 0):
 garbage-first heap   total 273408K, used 183212K [0x0000000080000000, 0x0000000100000000)
  region size 1024K, 5 young (5120K), 5 survivors (5120K)
 Metaspace       used 128371K, capacity 132452K, committed 132608K, reserved 1165312K
  class space    used 15800K, capacity 17238K, committed 17280K, reserved 1048576K
}
Event: 387.946 GC heap before
{Heap before GC invocations=62 (full 0):
 garbage-first heap   total 273408K, used 221100K [0x0000000080000000, 0x0000000100000000)
  region size 1024K, 42 young (43008K), 5 survivors (5120K)
 Metaspace       used 129111K, capacity 133220K, committed 133504K, reserved 1165312K
  class space    used 15842K, capacity 17302K, committed 17408K, reserved 1048576K
}
Event: 387.962 GC heap after
{Heap after GC invocations=63 (full 0):
 garbage-first heap   total 273408K, used 186939K [0x0000000080000000, 0x0000000100000000)
  region size 1024K, 4 young (4096K), 4 survivors (4096K)
 Metaspace       used 129111K, capacity 133220K, committed 133504K, reserved 1165312K
  class space    used 15842K, capacity 17302K, committed 17408K, reserved 1048576K
}
Event: 388.483 GC heap before
{Heap before GC invocations=63 (full 0):
 garbage-first heap   total 273408K, used 203323K [0x0000000080000000, 0x0000000100000000)
  region size 1024K, 41 young (41984K), 4 survivors (4096K)
 Metaspace       used 129941K, capacity 134020K, committed 134272K, reserved 1167360K
  class space    used 15903K, capacity 17334K, committed 17408K, reserved 1048576K
}
Event: 388.494 GC heap after
{Heap after GC invocations=64 (full 0):
 garbage-first heap   total 273408K, used 165681K [0x0000000080000000, 0x0000000100000000)
  region size 1024K, 1 young (1024K), 1 survivors (1024K)
 Metaspace       used 129941K, capacity 134020K, committed 134272K, reserved 1167360K
  class space    used 15903K, capacity 17334K, committed 17408K, reserved 1048576K
}
Event: 389.382 GC heap before
{Heap before GC invocations=65 (full 0):
 garbage-first heap   total 273408K, used 212785K [0x0000000080000000, 0x0000000100000000)
  region size 1024K, 48 young (49152K), 1 survivors (1024K)
 Metaspace       used 131627K, capacity 135703K, committed 135808K, reserved 1167360K
  class space    used 16122K, capacity 17574K, committed 17664K, reserved 1048576K
}
Event: 389.392 GC heap after
{Heap after GC invocations=66 (full 0):
 garbage-first heap   total 328704K, used 165764K [0x0000000080000000, 0x0000000100000000)
  region size 1024K, 1 young (1024K), 1 survivors (1024K)
 Metaspace       used 131627K, capacity 135703K, committed 135808K, reserved 1167360K
  class space    used 16122K, capacity 17574K, committed 17664K, reserved 1048576K
}
Event: 389.606 GC heap before
{Heap before GC invocations=66 (full 0):
 garbage-first heap   total 328704K, used 180100K [0x0000000080000000, 0x0000000100000000)
  region size 1024K, 16 young (16384K), 1 survivors (1024K)
 Metaspace       used 132828K, capacity 136919K, committed 137216K, reserved 1169408K
  class space    used 16276K, capacity 17702K, committed 17792K, reserved 1048576K
}
Event: 389.616 GC heap after
{Heap after GC invocations=67 (full 0):
 garbage-first heap   total 328704K, used 151103K [0x0000000080000000, 0x0000000100000000)
  region size 1024K, 1 young (1024K), 1 survivors (1024K)
 Metaspace       used 132828K, capacity 136919K, committed 137216K, reserved 1169408K
  class space    used 16276K, capacity 17702K, committed 17792K, reserved 1048576K
}

